\BOOKMARK [1][-]{section.1}{\311tat de l'Art du Traitement des Images Sous-Marines}{}% 1
\BOOKMARK [2][-]{subsection.1.1}{Introduction}{section.1}% 2
\BOOKMARK [2][-]{subsection.1.2}{M\351thodes de Restauration d'Image}{section.1}% 3
\BOOKMARK [2][-]{subsection.1.3}{M\351thodes d'Am\351lioration d'Image}{section.1}% 4
\BOOKMARK [2][-]{subsection.1.4}{M\351thodes par Apprentissage}{section.1}% 5
\BOOKMARK [1][-]{section.2}{Correction des Couleurs \340 l'Aide de l'Espace RGB}{}% 6
\BOOKMARK [2][-]{subsection.2.1}{Hypoth\350se du Monde Gris}{section.2}% 7
\BOOKMARK [2][-]{subsection.2.2}{Hypoth\350se des White Patches}{section.2}% 8
\BOOKMARK [1][-]{section.3}{Correction des Couleurs \340 l'Aide de l'Espace l}{}% 9
\BOOKMARK [2][-]{subsection.3.1}{Conversion dans l'Espace l}{section.3}% 10
\BOOKMARK [2][-]{subsection.3.2}{Correction et Am\351lioration dans l'Espace \040l}{section.3}% 11
\BOOKMARK [3][-]{subsubsection.3.2.1}{Hypoth\350se du Monde Gris}{subsection.3.2}% 12
\BOOKMARK [3][-]{subsubsection.3.2.2}{Hypoth\350se des White Patches}{subsection.3.2}% 13
\BOOKMARK [3][-]{subsubsection.3.2.3}{\311galisation d'Histogramme sur le Canal \040l }{subsection.3.2}% 14
\BOOKMARK [1][-]{section.4}{M\351thode ACE : \311galisation Automatique des Couleurs}{}% 15
\BOOKMARK [2][-]{subsection.4.1}{Mod\350le et Formulation Math\351matique}{section.4}% 16
\BOOKMARK [2][-]{subsection.4.2}{Fonction Pente Polynomiale}{section.4}% 17
\BOOKMARK [3][-]{subsubsection.4.2.1}{Gestion des Bords de l'Image}{subsection.4.2}% 18
\BOOKMARK [3][-]{subsubsection.4.2.2}{Approximation Polynomiale}{subsection.4.2}% 19
\BOOKMARK [3][-]{subsubsection.4.2.3}{Calcul avec les Convolutions}{subsection.4.2}% 20
\BOOKMARK [2][-]{subsection.4.3}{Impl\351mentation pour la Correction des Images Sous-marines}{section.4}% 21
\BOOKMARK [3][-]{subsubsection.4.3.1}{Test de l'ACE sur des Images Synth\351tiques}{subsection.4.3}% 22
\BOOKMARK [3][-]{subsubsection.4.3.2}{Correction des Images Sous-marines avec l'ACE}{subsection.4.3}% 23
\BOOKMARK [3][-]{subsubsection.4.3.3}{Application de l'ACE sur le Canal \040l }{subsection.4.3}% 24
\BOOKMARK [1][-]{section.5}{Conclusion}{}% 25
\BOOKMARK [1][-]{section*.2}{Table des figures}{}% 26
\BOOKMARK [1][-]{section*.3}{R\351f\351rences}{}% 27
